C51 COMPILER V9.00   DISPLAY                                                               07/11/2015 14:03:37 PAGE 1   


C51 COMPILER V9.00, COMPILATION OF MODULE DISPLAY
OBJECT MODULE PLACED IN display.obj
COMPILER INVOKED BY: D:\Keil_v5_51\C51\BIN\C51.EXE scr\display.c BROWSE DEBUG OBJECTEXTEND PRINT(.\display.lst) OBJECT(d
                    -isplay.obj)

line level    source

   1          #include <reg52.h>
   2          //译码器管脚定义
   3          sbit    LS138A=P2^2;       //管脚定义
   4          sbit    LS138B=P2^3;
   5          sbit    LS138C=P2^4; 
   6          
   7          //此表为 LED 的字模, 共阴数码管 0-9  - 
   8          unsigned char code Disp_Tab[] = {0x3F,0x06,0x5B,0x4F,0x66,0x6D,0x7D,0x07,0x7F,0x6F,0x77,0x7C,0x39,0x5E,0x7
             -9,0x71};
   9           
  10          unsigned long  LedOut[5],LedNumVal;
  11          void delay(unsigned int i);
  12          
  13          void display(unsigned char Key_Val)
  14          {  
  15   1         unsigned char i; 
  16   1         /********以下将键值送到LED数码管显示*************/
  17   1            LedNumVal=Key_Val;      //把键值送到LedNumVal变量中
  18   1                LedOut[0]=Disp_Tab[LedNumVal%10000/1000];
  19   1            LedOut[1]=Disp_Tab[LedNumVal%1000/100];
  20   1            LedOut[2]=Disp_Tab[LedNumVal%100/10];      //十位
  21   1            LedOut[3]=Disp_Tab[LedNumVal%10];    //个位
  22   1                
  23   1          for(i=0; i<4; i++) 
  24   1                {             
  25   2                       P0 = LedOut[i] ;
  26   2                                                              
  27   2                      switch(i)                                         
  28   2               {                //138译码
  29   3                              case 0:LS138A=0; LS138B=0; LS138C=0; break;         
  30   3                  case 1:LS138A=1; LS138B=0; LS138C=0; break;                 
  31   3                  case 2:LS138A=0; LS138B=1; LS138C=0; break; 
  32   3                  case 3:LS138A=1; LS138B=1; LS138C=0; break; 
  33   3               }
  34   2                       
  35   2                      delay(100);
  36   2                }
  37   1      
  38   1                P0 = 0;    
  39   1       }
  40           void delay(unsigned int i)
  41          {
  42   1          char j;
  43   1          for(i; i > 0; i--)
  44   1              for(j = 200; j > 0; j--);
  45   1      }


MODULE INFORMATION:   STATIC OVERLAYABLE
   CODE SIZE        =    316    ----
   CONSTANT SIZE    =     16    ----
   XDATA SIZE       =   ----    ----
   PDATA SIZE       =   ----    ----
   DATA SIZE        =     24       1
C51 COMPILER V9.00   DISPLAY                                                               07/11/2015 14:03:37 PAGE 2   

   IDATA SIZE       =   ----    ----
   BIT SIZE         =   ----    ----
END OF MODULE INFORMATION.


C51 COMPILATION COMPLETE.  0 WARNING(S),  0 ERROR(S)
