C51 COMPILER V9.00   IR                                                                    07/11/2015 14:03:37 PAGE 1   


C51 COMPILER V9.00, COMPILATION OF MODULE IR
OBJECT MODULE PLACED IN ir.obj
COMPILER INVOKED BY: D:\Keil_v5_51\C51\BIN\C51.EXE scr\ir.c BROWSE DEBUG OBJECTEXTEND PRINT(.\ir.lst) OBJECT(ir.obj)

line level    source

   1          /*采用NEC协议，使用中断的方式，读取红外接收器的数据
   2           *理论参考地址：http://www.cnblogs.com/openusb/archive/2010/01/07/1641357.html
   3           */
   4          
   5          
   6          
   7          #include <reg52.h>
   8          sbit IRIN = P3^2;         //红外接收器数据线
   9          unsigned char  IRCOM[7];
  10          
  11          /*******************************************************************/
  12          void IRInit()
  13          {
  14   1          IE |= 0x81;                 //允许总中断中断,使能 INT0 外部中断
  15   1          TCON |= 0x01;               //触发方式为脉冲负边沿触发    
  16   1          IRIN=1;                    //I/O口初始化
  17   1      }
  18          /**********************************************************/
  19          void IRdelay(unsigned char x)    //x*0.14MS
  20          {
  21   1               unsigned char i;
  22   1                while(x--)
  23   1               {
  24   2                for (i = 0; i<13; i++) {}
  25   2               }
  26   1      }
  27          /**********************************************************/
  28          void IR_IN(void) interrupt 0 
  29          {
  30   1              unsigned char j,k,N=0;
  31   1              EX0=0;//进入中断后先关闭中断
  32   1              IRdelay(5);//delay 0.7ms
  33   1              if (IRIN==1) 
  34   1           { EX0 =1;
  35   2                 return;
  36   2               }
  37   1      
  38   1              while (!IRIN)            //等IR变为高电平，跳过9ms的前导低电平信号。
  39   1              {IRdelay(1);}
  40   1      
  41   1              for (j = 0; j < 4; ++j)
  42   1              {
  43   2                      for(k=0; k<8; k++)
  44   2                      {
  45   3                              while (IRIN)            //等 IR 变为低电平，跳过4.5ms的前导高电平信号。
  46   3                           {IRdelay(1);}
  47   3                          while (!IRIN)          //等 IR 变为高电平
  48   3                           {IRdelay(1);}
  49   3                       while (IRIN)           //计算IR高电平时长
  50   3                            {
  51   4                              IRdelay(1);
  52   4                              N++;           
  53   4                              if (N>=30)
  54   4                                   { 
  55   5                                  EX0=1;
C51 COMPILER V9.00   IR                                                                    07/11/2015 14:03:37 PAGE 2   

  56   5                                    return;
  57   5                                 }                  //0.14ms计数过长自动离开。
  58   4                            }                        //高电平计数完毕                
  59   3              IRCOM[j]=IRCOM[j] >> 1;                  //数据最高位补“0”
  60   3              if (N>=8) {IRCOM[j] = IRCOM[j] | 0x80;}  //数据最高位补“1”
  61   3              N=0;
  62   3                      }
  63   2              }
  64   1      
  65   1              if (IRCOM[2]!=~IRCOM[3])
  66   1              {       
  67   2                      EX0=1;
  68   2              return;          
  69   2              }
  70   1      
  71   1          EX0 = 1; 
  72   1              
  73   1      
  74   1      }


MODULE INFORMATION:   STATIC OVERLAYABLE
   CODE SIZE        =    184    ----
   CONSTANT SIZE    =   ----    ----
   XDATA SIZE       =   ----    ----
   PDATA SIZE       =   ----    ----
   DATA SIZE        =      7       2
   IDATA SIZE       =   ----    ----
   BIT SIZE         =   ----    ----
END OF MODULE INFORMATION.


C51 COMPILATION COMPLETE.  0 WARNING(S),  0 ERROR(S)
