C51 COMPILER V9.00   MAIN                                                                  07/11/2015 14:03:37 PAGE 1   


C51 COMPILER V9.00, COMPILATION OF MODULE MAIN
OBJECT MODULE PLACED IN main.obj
COMPILER INVOKED BY: D:\Keil_v5_51\C51\BIN\C51.EXE scr\main.c BROWSE DEBUG OBJECTEXTEND PRINT(.\main.lst) OBJECT(main.ob
                    -j)

line level    source

   1          #include <reg52.h>
   2          #include <intrins.h>
   3          extern void display(unsigned char Key_Val);
   4          extern void IRInit();    //extern 是引用IR.C中的函数
   5          extern unsigned char  IRCOM[7];//引用ir.c中的IRCOM[7]
   6          void main()
   7          {
   8   1              IRInit();
   9   1              while(1)
  10   1              {
  11   2                      display(IRCOM[2]);
  12   2              }
  13   1      }
  14          


MODULE INFORMATION:   STATIC OVERLAYABLE
   CODE SIZE        =     10    ----
   CONSTANT SIZE    =   ----    ----
   XDATA SIZE       =   ----    ----
   PDATA SIZE       =   ----    ----
   DATA SIZE        =   ----    ----
   IDATA SIZE       =   ----    ----
   BIT SIZE         =   ----    ----
END OF MODULE INFORMATION.


C51 COMPILATION COMPLETE.  0 WARNING(S),  0 ERROR(S)
